<?xml version="1.0" encoding="UTF-8" ?>
<testsuite tests="10" failures="8" name="testquestion2.Test_MyCollection" time="0.376" errors="0" skipped="0">
  <properties>
[...]
</properties>
  <testcase classname="testquestion2.Test_MyCollection" name="Test10_Rotate_Array" time="0.014">
    <failure message="expected [{Is, Always, A Fun., Sometimes, Automation, Testing}] but found [question2.MyCollection@9f70c54]" type="java.lang.AssertionError">java.lang.AssertionError: expected [{Is, Always, A Fun., Sometimes, Automation, Testing}] but found [question2.MyCollection@9f70c54]
	at org.testng.Assert.fail(Assert.java:96)
	at org.testng.Assert.failNotEquals(Assert.java:776)
	at org.testng.Assert.assertEqualsImpl(Assert.java:137)
	at org.testng.Assert.assertEquals(Assert.java:118)
	at org.testng.Assert.assertEquals(Assert.java:453)
	at org.testng.Assert.assertEquals(Assert.java:463)
	at testquestion2.Test_MyCollection.Test10_Rotate_Array(Test_MyCollection.java:94)
</failure>
  </testcase>
  <testcase classname="testquestion2.Test_MyCollection" name="Test1_Able_To_Add_New_Entry_In_Collection" time="0.001">
    <failure message="Assertion Failed : Not able to add number 5 in collection expected [true] but found [false]" type="java.lang.AssertionError">java.lang.AssertionError: Assertion Failed : Not able to add number 5 in collection expected [true] but found [false]
	at org.testng.Assert.fail(Assert.java:96)
	at org.testng.Assert.failNotEquals(Assert.java:776)
	at org.testng.Assert.assertTrue(Assert.java:44)
	at testquestion2.Test_MyCollection.Test1_Able_To_Add_New_Entry_In_Collection(Test_MyCollection.java:16)
</failure>
  </testcase>
  <testcase classname="testquestion2.Test_MyCollection" name="Test2_Duplicate_Entry_In_Collection" time="0.002"/>
  <testcase classname="testquestion2.Test_MyCollection" name="Test3_Get_Collection_Functionality" time="0.002">
    <failure message="Assertion Failed : Not able to read collection expected [{}] but found [question2.MyCollection@61a485d2]" type="java.lang.AssertionError">java.lang.AssertionError: Assertion Failed : Not able to read collection expected [{}] but found [question2.MyCollection@61a485d2]
	at org.testng.Assert.fail(Assert.java:96)
	at org.testng.Assert.failNotEquals(Assert.java:776)
	at org.testng.Assert.assertEqualsImpl(Assert.java:137)
	at org.testng.Assert.assertEquals(Assert.java:118)
	at org.testng.Assert.assertEquals(Assert.java:453)
	at testquestion2.Test_MyCollection.Test3_Get_Collection_Functionality(Test_MyCollection.java:32)
</failure>
  </testcase>
  <testcase classname="testquestion2.Test_MyCollection" name="Test4_DoubleCapacity" time="0.002">
    <failure message="Assertion Failed : Not able to add number in collection once it get fulled expected [{4,5,-4,-5,6}] but found [question2.MyCollection@7946e1f4]" type="java.lang.AssertionError">java.lang.AssertionError: Assertion Failed : Not able to add number in collection once it get fulled expected [{4,5,-4,-5,6}] but found [question2.MyCollection@7946e1f4]
	at org.testng.Assert.fail(Assert.java:96)
	at org.testng.Assert.failNotEquals(Assert.java:776)
	at org.testng.Assert.assertEqualsImpl(Assert.java:137)
	at org.testng.Assert.assertEquals(Assert.java:118)
	at org.testng.Assert.assertEquals(Assert.java:453)
	at testquestion2.Test_MyCollection.Test4_DoubleCapacity(Test_MyCollection.java:41)
</failure>
  </testcase>
  <testcase classname="testquestion2.Test_MyCollection" name="Test5_Remove_Functionality_If_Entry_Already_Present" time="0.003">
    <failure message="Assetion Failed : Not Able to delete entry from collection expected [true] but found [false]" type="java.lang.AssertionError">java.lang.AssertionError: Assetion Failed : Not Able to delete entry from collection expected [true] but found [false]
	at org.testng.Assert.fail(Assert.java:96)
	at org.testng.Assert.failNotEquals(Assert.java:776)
	at org.testng.Assert.assertTrue(Assert.java:44)
	at testquestion2.Test_MyCollection.Test5_Remove_Functionality_If_Entry_Already_Present(Test_MyCollection.java:50)
</failure>
  </testcase>
  <testcase classname="testquestion2.Test_MyCollection" name="Test6_Remove_Functionality_If_Collection_Is_Empty" time="0.001"/>
  <testcase classname="testquestion2.Test_MyCollection" name="Test7_Collection_Length_Functionality" time="0.002">
    <failure message="expected [6] but found [0]" type="java.lang.AssertionError">java.lang.AssertionError: expected [6] but found [0]
	at org.testng.Assert.fail(Assert.java:96)
	at org.testng.Assert.failNotEquals(Assert.java:776)
	at org.testng.Assert.assertEqualsImpl(Assert.java:137)
	at org.testng.Assert.assertEquals(Assert.java:118)
	at org.testng.Assert.assertEquals(Assert.java:652)
	at org.testng.Assert.assertEquals(Assert.java:662)
	at testquestion2.Test_MyCollection.Test7_Collection_Length_Functionality(Test_MyCollection.java:66)
</failure>
  </testcase>
  <testcase classname="testquestion2.Test_MyCollection" name="Test8_Search_Functionality_If_Enrty_Exists" time="0.003">
    <failure message="expected [1] but found [0]" type="java.lang.AssertionError">java.lang.AssertionError: expected [1] but found [0]
	at org.testng.Assert.fail(Assert.java:96)
	at org.testng.Assert.failNotEquals(Assert.java:776)
	at org.testng.Assert.assertEqualsImpl(Assert.java:137)
	at org.testng.Assert.assertEquals(Assert.java:118)
	at org.testng.Assert.assertEquals(Assert.java:652)
	at org.testng.Assert.assertEquals(Assert.java:662)
	at testquestion2.Test_MyCollection.Test8_Search_Functionality_If_Enrty_Exists(Test_MyCollection.java:75)
</failure>
  </testcase>
  <testcase classname="testquestion2.Test_MyCollection" name="Test9_Search_Functionality_If_Enrty_Not_Exists" time="0.001">
    <failure message="expected [-1] but found [0]" type="java.lang.AssertionError">java.lang.AssertionError: expected [-1] but found [0]
	at org.testng.Assert.fail(Assert.java:96)
	at org.testng.Assert.failNotEquals(Assert.java:776)
	at org.testng.Assert.assertEqualsImpl(Assert.java:137)
	at org.testng.Assert.assertEquals(Assert.java:118)
	at org.testng.Assert.assertEquals(Assert.java:652)
	at org.testng.Assert.assertEquals(Assert.java:662)
	at testquestion2.Test_MyCollection.Test9_Search_Functionality_If_Enrty_Not_Exists(Test_MyCollection.java:84)
</failure>
  </testcase>
</testsuite>